<?xml version="1.0" encoding="UTF-8"?>
<!-- Generated by org.testng.reporters.JUnitXMLReporter -->
<testsuite ignored="0" hostname="krishna" failures="0" tests="3" name="Default test" time="33.763" errors="0" timestamp="2023-03-15T10:21:42 IST">
  <testcase classname="testScriptsPractice.TestScript1Test" name="Suite1" time="0.017"/>
  <testcase classname="testScriptsPractice.TestScript1Test" name="Suite2" time="0.001"/>
  <testcase classname="testScriptsPractice.TestScript1Test" name="Suite3" time="0.0"/>
</testsuite> <!-- Default test -->
