<?xml version="1.0" encoding="UTF-8"?>
<!-- Generated by org.testng.reporters.JUnitXMLReporter -->
<testsuite ignored="0" hostname="krishna" failures="0" tests="4" name="Default test" time="65.631" errors="0" timestamp="2023-04-05T12:57:01 IST">
  <testcase classname="actiTimeTestScripts.CreateNewActTimeCustomerTest" name="createCustomer" time="9.955"/>
  <testcase classname="actiTimeTestScripts.CreateNewActTimeCustomerTest" name="createCustomer" time="6.199"/>
  <testcase classname="actiTimeTestScripts.CreateNewActTimeCustomerTest" name="createCustomer" time="6.207"/>
  <testcase classname="actiTimeTestScripts.CreateNewActTimeCustomerTest" name="createCustomer" time="7.142"/>
</testsuite> <!-- Default test -->
