<?xml version="1.0" encoding="UTF-8"?>
<!-- Generated by org.testng.reporters.JUnitXMLReporter -->
<testsuite ignored="0" hostname="krishna" failures="0" tests="3" name="Test_PE3" time="25.815" errors="0" timestamp="2023-04-04T15:11:37 IST">
  <testcase classname="testScriptsPractice.TestScript3Test" name="Run1" time="0.004"/>
  <testcase classname="testScriptsPractice.TestScript3Test" name="Run2" time="0.005"/>
  <testcase classname="testScriptsPractice.TestScript3Test" name="Run3" time="0.006"/>
</testsuite> <!-- Test_PE3 -->
