<?xml version="1.0" encoding="UTF-8"?>
<!-- Generated by org.testng.reporters.JUnitXMLReporter -->
<testsuite ignored="0" hostname="krishna" failures="0" tests="4" name="Test_PE1" time="32.05" errors="0" timestamp="2023-12-13T12:10:30 IST">
  <testcase classname="testScriptsPractice.TestScript2Test" name="Demo1" time="0.01"/>
  <testcase classname="testScriptsPractice.TestScript2Test" name="Demo2" time="0.006"/>
  <testcase classname="testScriptsPractice.TestScript2Test" name="Demo3" time="0.002"/>
  <testcase classname="testScriptsPractice.TestScript2Test" name="Demo4" time="0.001"/>
</testsuite> <!-- Test_PE1 -->
