<?xml version="1.0" encoding="UTF-8"?>
<!-- Generated by org.testng.reporters.JUnitXMLReporter -->
<testsuite ignored="0" hostname="krishna" failures="0" tests="3" name="Test_PE2" time="25.775" errors="0" timestamp="2023-04-04T15:11:37 IST">
  <testcase classname="testScriptsPractice.TestScript1Test" name="Suite1" time="0.02"/>
  <testcase classname="testScriptsPractice.TestScript1Test" name="Suite2" time="0.005"/>
  <testcase classname="testScriptsPractice.TestScript1Test" name="Suite3" time="0.002"/>
</testsuite> <!-- Test_PE2 -->
