<?xml version="1.0" encoding="UTF-8"?>
<!-- Generated by org.testng.reporters.JUnitXMLReporter -->
<testsuite ignored="0" hostname="krishna" failures="0" tests="3" name="Test_PE3" time="28.184" errors="0" timestamp="2023-12-13T12:10:26 IST">
  <testcase classname="testScriptsPractice.TestScript3Test" name="Run1" time="0.137"/>
  <testcase classname="testScriptsPractice.TestScript3Test" name="Run2" time="0.011"/>
  <testcase classname="testScriptsPractice.TestScript3Test" name="Run3" time="0.003"/>
</testsuite> <!-- Test_PE3 -->
