<?xml version="1.0" encoding="UTF-8"?>
<testng-results ignored="0" total="2" passed="2" failed="0" skipped="0">
  <reporter-output>
  </reporter-output>
  <suite started-at="2023-01-26T21:02:23 IST" name="Suite" finished-at="2023-01-26T21:02:56 IST" duration-ms="33444">
    <groups>
    </groups>
    <test started-at="2023-01-26T21:02:23 IST" name="Test-Runner-Firefox" finished-at="2023-01-26T21:02:56 IST" duration-ms="33243">
      <class name="vTigerOrganizationTestScripts.CreateContactWithorganizationTest">
        <test-method is-config="true" signature="bsConfig()[pri:0, instance:vTigerOrganizationTestScripts.CreateContactWithorganizationTest@783a467b]" started-at="2023-01-26T21:02:23 IST" name="bsConfig" finished-at="2023-01-26T21:02:23 IST" duration-ms="10" status="PASS">
          <reporter-output>
          </reporter-output>
        </test-method> <!-- bsConfig -->
        <test-method is-config="true" signature="bcConfig()[pri:0, instance:vTigerOrganizationTestScripts.CreateContactWithorganizationTest@783a467b]" started-at="2023-01-26T21:02:23 IST" name="bcConfig" finished-at="2023-01-26T21:02:27 IST" duration-ms="3922" status="PASS">
          <reporter-output>
          </reporter-output>
        </test-method> <!-- bcConfig -->
        <test-method is-config="true" signature="bmConfig()[pri:0, instance:vTigerOrganizationTestScripts.CreateContactWithorganizationTest@783a467b]" started-at="2023-01-26T21:02:27 IST" name="bmConfig" finished-at="2023-01-26T21:02:30 IST" duration-ms="3278" status="PASS">
          <reporter-output>
          </reporter-output>
        </test-method> <!-- bmConfig -->
        <test-method signature="createContactWithOrgTest()[pri:0, instance:vTigerOrganizationTestScripts.CreateContactWithorganizationTest@783a467b]" started-at="2023-01-26T21:02:30 IST" name="createContactWithOrgTest" finished-at="2023-01-26T21:02:54 IST" duration-ms="24306" status="PASS">
          <reporter-output>
          </reporter-output>
        </test-method> <!-- createContactWithOrgTest -->
        <test-method is-config="true" signature="amConfig()[pri:0, instance:vTigerOrganizationTestScripts.CreateContactWithorganizationTest@783a467b]" started-at="2023-01-26T21:02:54 IST" name="amConfig" finished-at="2023-01-26T21:02:56 IST" duration-ms="1686" status="PASS">
          <reporter-output>
          </reporter-output>
        </test-method> <!-- amConfig -->
        <test-method is-config="true" signature="asConfig()[pri:0, instance:vTigerOrganizationTestScripts.CreateContactWithorganizationTest@783a467b]" started-at="2023-01-26T21:02:56 IST" name="asConfig" finished-at="2023-01-26T21:02:56 IST" duration-ms="0" status="PASS">
          <reporter-output>
          </reporter-output>
        </test-method> <!-- asConfig -->
      </class> <!-- vTigerOrganizationTestScripts.CreateContactWithorganizationTest -->
    </test> <!-- Test-Runner-Firefox -->
    <test started-at="2023-01-26T21:02:23 IST" name="Test-Runner-Chrome" finished-at="2023-01-26T21:02:56 IST" duration-ms="33444">
      <class name="vTigerOrganizationTestScripts.CreateContactWithorganizationTest">
        <test-method is-config="true" signature="bcConfig()[pri:0, instance:vTigerOrganizationTestScripts.CreateContactWithorganizationTest@194bcebf]" started-at="2023-01-26T21:02:23 IST" name="bcConfig" finished-at="2023-01-26T21:02:27 IST" duration-ms="3929" status="PASS">
          <reporter-output>
          </reporter-output>
        </test-method> <!-- bcConfig -->
        <test-method is-config="true" signature="bmConfig()[pri:0, instance:vTigerOrganizationTestScripts.CreateContactWithorganizationTest@194bcebf]" started-at="2023-01-26T21:02:27 IST" name="bmConfig" finished-at="2023-01-26T21:02:30 IST" duration-ms="3417" status="PASS">
          <reporter-output>
          </reporter-output>
        </test-method> <!-- bmConfig -->
        <test-method signature="createContactWithOrgTest()[pri:0, instance:vTigerOrganizationTestScripts.CreateContactWithorganizationTest@194bcebf]" started-at="2023-01-26T21:02:30 IST" name="createContactWithOrgTest" finished-at="2023-01-26T21:02:54 IST" duration-ms="24200" status="PASS">
          <reporter-output>
          </reporter-output>
        </test-method> <!-- createContactWithOrgTest -->
        <test-method is-config="true" signature="amConfig()[pri:0, instance:vTigerOrganizationTestScripts.CreateContactWithorganizationTest@194bcebf]" started-at="2023-01-26T21:02:54 IST" name="amConfig" finished-at="2023-01-26T21:02:56 IST" duration-ms="1871" status="PASS">
          <reporter-output>
          </reporter-output>
        </test-method> <!-- amConfig -->
      </class> <!-- vTigerOrganizationTestScripts.CreateContactWithorganizationTest -->
    </test> <!-- Test-Runner-Chrome -->
  </suite> <!-- Suite -->
</testng-results>
